c:\users\ato\source\repos\action\release\action.ipdb
c:\users\ato\source\repos\action\release\action.iobj
c:\users\ato\source\repos\action\action\release\vc141.pdb
c:\users\ato\source\repos\action\action\release\player.obj
c:\users\ato\source\repos\action\action\release\main.obj
c:\users\ato\source\repos\action\action\release\block.obj
c:\users\ato\source\repos\action\action\release\wattconsumer.obj
c:\users\ato\source\repos\action\action\release\explosion.obj
c:\users\ato\source\repos\action\action\release\enemy.obj
c:\users\ato\source\repos\action\action\release\bullet.obj
c:\users\ato\source\repos\action\action\release\soundmanager.obj
c:\users\ato\source\repos\action\action\release\menu.obj
c:\users\ato\source\repos\action\release\action.exe
c:\users\ato\source\repos\action\release\action.pdb
c:\users\ato\source\repos\action\action\release\action.tlog\action.write.1u.tlog
c:\users\ato\source\repos\action\action\release\action.tlog\cl.command.1.tlog
c:\users\ato\source\repos\action\action\release\action.tlog\cl.read.1.tlog
c:\users\ato\source\repos\action\action\release\action.tlog\cl.write.1.tlog
c:\users\ato\source\repos\action\action\release\action.tlog\link.command.1.tlog
c:\users\ato\source\repos\action\action\release\action.tlog\link.read.1.tlog
c:\users\ato\source\repos\action\action\release\action.tlog\link.write.1.tlog
